The system is: Linux - 5.10.102.1-microsoft-standard-WSL2 - x86_64
Compiling the CXX compiler identification source file "CMakeCXXCompilerId.cpp" succeeded.
Compiler: /usr/bin/g++-11 
Build flags: 
Id flags:  

The output was:
0


Compilation of the CXX compiler identification source "CMakeCXXCompilerId.cpp" produced "a.out"

The CXX compiler identification is GNU, found in "/home/betto/src/cesium-native-ooc/buildD/CMakeFiles/3.16.3/CompilerIdCXX/a.out"

Compiling the C compiler identification source file "CMakeCCompilerId.c" succeeded.
Compiler: /usr/bin/gcc-11 
Build flags: 
Id flags:  

The output was:
0


Compilation of the C compiler identification source "CMakeCCompilerId.c" produced "a.out"

The C compiler identification is GNU, found in "/home/betto/src/cesium-native-ooc/buildD/CMakeFiles/3.16.3/CompilerIdC/a.out"

Determining if the CXX compiler works passed with the following output:
Change Dir: /home/betto/src/cesium-native-ooc/buildD/CMakeFiles/CMakeTmp

Run Build Command(s):/usr/bin/make cmTC_b3e78/fast && /usr/bin/make -f CMakeFiles/cmTC_b3e78.dir/build.make CMakeFiles/cmTC_b3e78.dir/build
make[1]: Entering directory '/home/betto/src/cesium-native-ooc/buildD/CMakeFiles/CMakeTmp'
Building CXX object CMakeFiles/cmTC_b3e78.dir/testCXXCompiler.cxx.o
/usr/bin/g++-11     -o CMakeFiles/cmTC_b3e78.dir/testCXXCompiler.cxx.o -c /home/betto/src/cesium-native-ooc/buildD/CMakeFiles/CMakeTmp/testCXXCompiler.cxx
Linking CXX executable cmTC_b3e78
/usr/bin/cmake -E cmake_link_script CMakeFiles/cmTC_b3e78.dir/link.txt --verbose=1
/usr/bin/g++-11       CMakeFiles/cmTC_b3e78.dir/testCXXCompiler.cxx.o  -o cmTC_b3e78 
make[1]: Leaving directory '/home/betto/src/cesium-native-ooc/buildD/CMakeFiles/CMakeTmp'



Detecting CXX compiler ABI info compiled with the following output:
Change Dir: /home/betto/src/cesium-native-ooc/buildD/CMakeFiles/CMakeTmp

Run Build Command(s):/usr/bin/make cmTC_3c001/fast && /usr/bin/make -f CMakeFiles/cmTC_3c001.dir/build.make CMakeFiles/cmTC_3c001.dir/build
make[1]: Entering directory '/home/betto/src/cesium-native-ooc/buildD/CMakeFiles/CMakeTmp'
Building CXX object CMakeFiles/cmTC_3c001.dir/CMakeCXXCompilerABI.cpp.o
/usr/bin/g++-11    -v -o CMakeFiles/cmTC_3c001.dir/CMakeCXXCompilerABI.cpp.o -c /usr/share/cmake-3.16/Modules/CMakeCXXCompilerABI.cpp
Using built-in specs.
COLLECT_GCC=/usr/bin/g++-11
OFFLOAD_TARGET_NAMES=nvptx-none:amdgcn-amdhsa
OFFLOAD_TARGET_DEFAULT=1
Target: x86_64-linux-gnu
Configured with: ../src/configure -v --with-pkgversion='Ubuntu 11.1.0-1ubuntu1~20.04' --with-bugurl=file:///usr/share/doc/gcc-11/README.Bugs --enable-languages=c,ada,c++,go,brig,d,fortran,objc,obj-c++,m2 --prefix=/usr --with-gcc-major-version-only --program-suffix=-11 --program-prefix=x86_64-linux-gnu- --enable-shared --enable-linker-build-id --libexecdir=/usr/lib --without-included-gettext --enable-threads=posix --libdir=/usr/lib --enable-nls --enable-bootstrap --enable-clocale=gnu --enable-libstdcxx-debug --enable-libstdcxx-time=yes --with-default-libstdcxx-abi=new --enable-gnu-unique-object --disable-vtable-verify --enable-plugin --enable-default-pie --with-system-zlib --enable-libphobos-checking=release --with-target-system-zlib=auto --enable-objc-gc=auto --enable-multiarch --disable-werror --disable-cet --with-arch-32=i686 --with-abi=m64 --with-multilib-list=m32,m64,mx32 --enable-multilib --with-tune=generic --enable-offload-targets=nvptx-none=/build/gcc-11-2V7zgg/gcc-11-11.1.0/debian/tmp-nvptx/usr,amdgcn-amdhsa=/build/gcc-11-2V7zgg/gcc-11-11.1.0/debian/tmp-gcn/usr --without-cuda-driver --enable-checking=release --build=x86_64-linux-gnu --host=x86_64-linux-gnu --target=x86_64-linux-gnu --with-build-config=bootstrap-lto-lean --enable-link-serialization=2
Thread model: posix
Supported LTO compression algorithms: zlib zstd
gcc version 11.1.0 (Ubuntu 11.1.0-1ubuntu1~20.04) 
COLLECT_GCC_OPTIONS='-v' '-o' 'CMakeFiles/cmTC_3c001.dir/CMakeCXXCompilerABI.cpp.o' '-c' '-shared-libgcc' '-mtune=generic' '-march=x86-64' '-dumpdir' 'CMakeFiles/cmTC_3c001.dir/'
 /usr/lib/gcc/x86_64-linux-gnu/11/cc1plus -quiet -v -imultiarch x86_64-linux-gnu -D_GNU_SOURCE /usr/share/cmake-3.16/Modules/CMakeCXXCompilerABI.cpp -quiet -dumpdir CMakeFiles/cmTC_3c001.dir/ -dumpbase CMakeCXXCompilerABI.cpp.cpp -dumpbase-ext .cpp -mtune=generic -march=x86-64 -version -fasynchronous-unwind-tables -fstack-protector-strong -Wformat -Wformat-security -fstack-clash-protection -fcf-protection -o /tmp/ccLCEEpS.s
GNU C++17 (Ubuntu 11.1.0-1ubuntu1~20.04) version 11.1.0 (x86_64-linux-gnu)
	compiled by GNU C version 11.1.0, GMP version 6.2.0, MPFR version 4.0.2, MPC version 1.1.0, isl version isl-0.22.1-GMP

GGC heuristics: --param ggc-min-expand=100 --param ggc-min-heapsize=131072
ignoring duplicate directory "/usr/include/x86_64-linux-gnu/c++/11"
ignoring nonexistent directory "/usr/local/include/x86_64-linux-gnu"
ignoring nonexistent directory "/usr/lib/gcc/x86_64-linux-gnu/11/include-fixed"
ignoring nonexistent directory "/usr/lib/gcc/x86_64-linux-gnu/11/../../../../x86_64-linux-gnu/include"
#include "..." search starts here:
#include <...> search starts here:
 /usr/include/c++/11
 /usr/include/x86_64-linux-gnu/c++/11
 /usr/include/c++/11/backward
 /usr/lib/gcc/x86_64-linux-gnu/11/include
 /usr/local/include
 /usr/include/x86_64-linux-gnu
 /usr/include
End of search list.
GNU C++17 (Ubuntu 11.1.0-1ubuntu1~20.04) version 11.1.0 (x86_64-linux-gnu)
	compiled by GNU C version 11.1.0, GMP version 6.2.0, MPFR version 4.0.2, MPC version 1.1.0, isl version isl-0.22.1-GMP

GGC heuristics: --param ggc-min-expand=100 --param ggc-min-heapsize=131072
Compiler executable checksum: 7a79b9a038c6e5e716b693fdb4982943
COLLECT_GCC_OPTIONS='-v' '-o' 'CMakeFiles/cmTC_3c001.dir/CMakeCXXCompilerABI.cpp.o' '-c' '-shared-libgcc' '-mtune=generic' '-march=x86-64' '-dumpdir' 'CMakeFiles/cmTC_3c001.dir/'
 as -v --64 -o CMakeFiles/cmTC_3c001.dir/CMakeCXXCompilerABI.cpp.o /tmp/ccLCEEpS.s
GNU assembler version 2.34 (x86_64-linux-gnu) using BFD version (GNU Binutils for Ubuntu) 2.34
COMPILER_PATH=/usr/lib/gcc/x86_64-linux-gnu/11/:/usr/lib/gcc/x86_64-linux-gnu/11/:/usr/lib/gcc/x86_64-linux-gnu/:/usr/lib/gcc/x86_64-linux-gnu/11/:/usr/lib/gcc/x86_64-linux-gnu/
LIBRARY_PATH=/usr/lib/gcc/x86_64-linux-gnu/11/:/usr/lib/gcc/x86_64-linux-gnu/11/../../../x86_64-linux-gnu/:/usr/lib/gcc/x86_64-linux-gnu/11/../../../../lib/:/lib/x86_64-linux-gnu/:/lib/../lib/:/usr/lib/x86_64-linux-gnu/:/usr/lib/../lib/:/usr/lib/gcc/x86_64-linux-gnu/11/../../../:/lib/:/usr/lib/
COLLECT_GCC_OPTIONS='-v' '-o' 'CMakeFiles/cmTC_3c001.dir/CMakeCXXCompilerABI.cpp.o' '-c' '-shared-libgcc' '-mtune=generic' '-march=x86-64' '-dumpdir' 'CMakeFiles/cmTC_3c001.dir/CMakeCXXCompilerABI.cpp.'
Linking CXX executable cmTC_3c001
/usr/bin/cmake -E cmake_link_script CMakeFiles/cmTC_3c001.dir/link.txt --verbose=1
/usr/bin/g++-11      -v CMakeFiles/cmTC_3c001.dir/CMakeCXXCompilerABI.cpp.o  -o cmTC_3c001 
Using built-in specs.
COLLECT_GCC=/usr/bin/g++-11
COLLECT_LTO_WRAPPER=/usr/lib/gcc/x86_64-linux-gnu/11/lto-wrapper
OFFLOAD_TARGET_NAMES=nvptx-none:amdgcn-amdhsa
OFFLOAD_TARGET_DEFAULT=1
Target: x86_64-linux-gnu
Configured with: ../src/configure -v --with-pkgversion='Ubuntu 11.1.0-1ubuntu1~20.04' --with-bugurl=file:///usr/share/doc/gcc-11/README.Bugs --enable-languages=c,ada,c++,go,brig,d,fortran,objc,obj-c++,m2 --prefix=/usr --with-gcc-major-version-only --program-suffix=-11 --program-prefix=x86_64-linux-gnu- --enable-shared --enable-linker-build-id --libexecdir=/usr/lib --without-included-gettext --enable-threads=posix --libdir=/usr/lib --enable-nls --enable-bootstrap --enable-clocale=gnu --enable-libstdcxx-debug --enable-libstdcxx-time=yes --with-default-libstdcxx-abi=new --enable-gnu-unique-object --disable-vtable-verify --enable-plugin --enable-default-pie --with-system-zlib --enable-libphobos-checking=release --with-target-system-zlib=auto --enable-objc-gc=auto --enable-multiarch --disable-werror --disable-cet --with-arch-32=i686 --with-abi=m64 --with-multilib-list=m32,m64,mx32 --enable-multilib --with-tune=generic --enable-offload-targets=nvptx-none=/build/gcc-11-2V7zgg/gcc-11-11.1.0/debian/tmp-nvptx/usr,amdgcn-amdhsa=/build/gcc-11-2V7zgg/gcc-11-11.1.0/debian/tmp-gcn/usr --without-cuda-driver --enable-checking=release --build=x86_64-linux-gnu --host=x86_64-linux-gnu --target=x86_64-linux-gnu --with-build-config=bootstrap-lto-lean --enable-link-serialization=2
Thread model: posix
Supported LTO compression algorithms: zlib zstd
gcc version 11.1.0 (Ubuntu 11.1.0-1ubuntu1~20.04) 
COMPILER_PATH=/usr/lib/gcc/x86_64-linux-gnu/11/:/usr/lib/gcc/x86_64-linux-gnu/11/:/usr/lib/gcc/x86_64-linux-gnu/:/usr/lib/gcc/x86_64-linux-gnu/11/:/usr/lib/gcc/x86_64-linux-gnu/
LIBRARY_PATH=/usr/lib/gcc/x86_64-linux-gnu/11/:/usr/lib/gcc/x86_64-linux-gnu/11/../../../x86_64-linux-gnu/:/usr/lib/gcc/x86_64-linux-gnu/11/../../../../lib/:/lib/x86_64-linux-gnu/:/lib/../lib/:/usr/lib/x86_64-linux-gnu/:/usr/lib/../lib/:/usr/lib/gcc/x86_64-linux-gnu/11/../../../:/lib/:/usr/lib/
COLLECT_GCC_OPTIONS='-v' '-o' 'cmTC_3c001' '-shared-libgcc' '-mtune=generic' '-march=x86-64' '-dumpdir' 'cmTC_3c001.'
 /usr/lib/gcc/x86_64-linux-gnu/11/collect2 -plugin /usr/lib/gcc/x86_64-linux-gnu/11/liblto_plugin.so -plugin-opt=/usr/lib/gcc/x86_64-linux-gnu/11/lto-wrapper -plugin-opt=-fresolution=/tmp/ccviYcnl.res -plugin-opt=-pass-through=-lgcc_s -plugin-opt=-pass-through=-lgcc -plugin-opt=-pass-through=-lc -plugin-opt=-pass-through=-lgcc_s -plugin-opt=-pass-through=-lgcc --build-id --eh-frame-hdr -m elf_x86_64 --hash-style=gnu --as-needed -dynamic-linker /lib64/ld-linux-x86-64.so.2 -pie -z now -z relro -o cmTC_3c001 /usr/lib/gcc/x86_64-linux-gnu/11/../../../x86_64-linux-gnu/Scrt1.o /usr/lib/gcc/x86_64-linux-gnu/11/../../../x86_64-linux-gnu/crti.o /usr/lib/gcc/x86_64-linux-gnu/11/crtbeginS.o -L/usr/lib/gcc/x86_64-linux-gnu/11 -L/usr/lib/gcc/x86_64-linux-gnu/11/../../../x86_64-linux-gnu -L/usr/lib/gcc/x86_64-linux-gnu/11/../../../../lib -L/lib/x86_64-linux-gnu -L/lib/../lib -L/usr/lib/x86_64-linux-gnu -L/usr/lib/../lib -L/usr/lib/gcc/x86_64-linux-gnu/11/../../.. CMakeFiles/cmTC_3c001.dir/CMakeCXXCompilerABI.cpp.o -lstdc++ -lm -lgcc_s -lgcc -lc -lgcc_s -lgcc /usr/lib/gcc/x86_64-linux-gnu/11/crtendS.o /usr/lib/gcc/x86_64-linux-gnu/11/../../../x86_64-linux-gnu/crtn.o
COLLECT_GCC_OPTIONS='-v' '-o' 'cmTC_3c001' '-shared-libgcc' '-mtune=generic' '-march=x86-64' '-dumpdir' 'cmTC_3c001.'
make[1]: Leaving directory '/home/betto/src/cesium-native-ooc/buildD/CMakeFiles/CMakeTmp'



Parsed CXX implicit include dir info from above output: rv=done
  found start of include info
  found start of implicit include info
    add: [/usr/include/c++/11]
    add: [/usr/include/x86_64-linux-gnu/c++/11]
    add: [/usr/include/c++/11/backward]
    add: [/usr/lib/gcc/x86_64-linux-gnu/11/include]
    add: [/usr/local/include]
    add: [/usr/include/x86_64-linux-gnu]
    add: [/usr/include]
  end of search list found
  collapse include dir [/usr/include/c++/11] ==> [/usr/include/c++/11]
  collapse include dir [/usr/include/x86_64-linux-gnu/c++/11] ==> [/usr/include/x86_64-linux-gnu/c++/11]
  collapse include dir [/usr/include/c++/11/backward] ==> [/usr/include/c++/11/backward]
  collapse include dir [/usr/lib/gcc/x86_64-linux-gnu/11/include] ==> [/usr/lib/gcc/x86_64-linux-gnu/11/include]
  collapse include dir [/usr/local/include] ==> [/usr/local/include]
  collapse include dir [/usr/include/x86_64-linux-gnu] ==> [/usr/include/x86_64-linux-gnu]
  collapse include dir [/usr/include] ==> [/usr/include]
  implicit include dirs: [/usr/include/c++/11;/usr/include/x86_64-linux-gnu/c++/11;/usr/include/c++/11/backward;/usr/lib/gcc/x86_64-linux-gnu/11/include;/usr/local/include;/usr/include/x86_64-linux-gnu;/usr/include]


Parsed CXX implicit link information from above output:
  link line regex: [^( *|.*[/\])(ld|CMAKE_LINK_STARTFILE-NOTFOUND|([^/\]+-)?ld|collect2)[^/\]*( |$)]
  ignore line: [Change Dir: /home/betto/src/cesium-native-ooc/buildD/CMakeFiles/CMakeTmp]
  ignore line: []
  ignore line: [Run Build Command(s):/usr/bin/make cmTC_3c001/fast && /usr/bin/make -f CMakeFiles/cmTC_3c001.dir/build.make CMakeFiles/cmTC_3c001.dir/build]
  ignore line: [make[1]: Entering directory '/home/betto/src/cesium-native-ooc/buildD/CMakeFiles/CMakeTmp']
  ignore line: [Building CXX object CMakeFiles/cmTC_3c001.dir/CMakeCXXCompilerABI.cpp.o]
  ignore line: [/usr/bin/g++-11    -v -o CMakeFiles/cmTC_3c001.dir/CMakeCXXCompilerABI.cpp.o -c /usr/share/cmake-3.16/Modules/CMakeCXXCompilerABI.cpp]
  ignore line: [Using built-in specs.]
  ignore line: [COLLECT_GCC=/usr/bin/g++-11]
  ignore line: [OFFLOAD_TARGET_NAMES=nvptx-none:amdgcn-amdhsa]
  ignore line: [OFFLOAD_TARGET_DEFAULT=1]
  ignore line: [Target: x86_64-linux-gnu]
  ignore line: [Configured with: ../src/configure -v --with-pkgversion='Ubuntu 11.1.0-1ubuntu1~20.04' --with-bugurl=file:///usr/share/doc/gcc-11/README.Bugs --enable-languages=c ada c++ go brig d fortran objc obj-c++ m2 --prefix=/usr --with-gcc-major-version-only --program-suffix=-11 --program-prefix=x86_64-linux-gnu- --enable-shared --enable-linker-build-id --libexecdir=/usr/lib --without-included-gettext --enable-threads=posix --libdir=/usr/lib --enable-nls --enable-bootstrap --enable-clocale=gnu --enable-libstdcxx-debug --enable-libstdcxx-time=yes --with-default-libstdcxx-abi=new --enable-gnu-unique-object --disable-vtable-verify --enable-plugin --enable-default-pie --with-system-zlib --enable-libphobos-checking=release --with-target-system-zlib=auto --enable-objc-gc=auto --enable-multiarch --disable-werror --disable-cet --with-arch-32=i686 --with-abi=m64 --with-multilib-list=m32 m64 mx32 --enable-multilib --with-tune=generic --enable-offload-targets=nvptx-none=/build/gcc-11-2V7zgg/gcc-11-11.1.0/debian/tmp-nvptx/usr amdgcn-amdhsa=/build/gcc-11-2V7zgg/gcc-11-11.1.0/debian/tmp-gcn/usr --without-cuda-driver --enable-checking=release --build=x86_64-linux-gnu --host=x86_64-linux-gnu --target=x86_64-linux-gnu --with-build-config=bootstrap-lto-lean --enable-link-serialization=2]
  ignore line: [Thread model: posix]
  ignore line: [Supported LTO compression algorithms: zlib zstd]
  ignore line: [gcc version 11.1.0 (Ubuntu 11.1.0-1ubuntu1~20.04) ]
  ignore line: [COLLECT_GCC_OPTIONS='-v' '-o' 'CMakeFiles/cmTC_3c001.dir/CMakeCXXCompilerABI.cpp.o' '-c' '-shared-libgcc' '-mtune=generic' '-march=x86-64' '-dumpdir' 'CMakeFiles/cmTC_3c001.dir/']
  ignore line: [ /usr/lib/gcc/x86_64-linux-gnu/11/cc1plus -quiet -v -imultiarch x86_64-linux-gnu -D_GNU_SOURCE /usr/share/cmake-3.16/Modules/CMakeCXXCompilerABI.cpp -quiet -dumpdir CMakeFiles/cmTC_3c001.dir/ -dumpbase CMakeCXXCompilerABI.cpp.cpp -dumpbase-ext .cpp -mtune=generic -march=x86-64 -version -fasynchronous-unwind-tables -fstack-protector-strong -Wformat -Wformat-security -fstack-clash-protection -fcf-protection -o /tmp/ccLCEEpS.s]
  ignore line: [GNU C++17 (Ubuntu 11.1.0-1ubuntu1~20.04) version 11.1.0 (x86_64-linux-gnu)]
  ignore line: [	compiled by GNU C version 11.1.0  GMP version 6.2.0  MPFR version 4.0.2  MPC version 1.1.0  isl version isl-0.22.1-GMP]
  ignore line: []
  ignore line: [GGC heuristics: --param ggc-min-expand=100 --param ggc-min-heapsize=131072]
  ignore line: [ignoring duplicate directory "/usr/include/x86_64-linux-gnu/c++/11"]
  ignore line: [ignoring nonexistent directory "/usr/local/include/x86_64-linux-gnu"]
  ignore line: [ignoring nonexistent directory "/usr/lib/gcc/x86_64-linux-gnu/11/include-fixed"]
  ignore line: [ignoring nonexistent directory "/usr/lib/gcc/x86_64-linux-gnu/11/../../../../x86_64-linux-gnu/include"]
  ignore line: [#include "..." search starts here:]
  ignore line: [#include <...> search starts here:]
  ignore line: [ /usr/include/c++/11]
  ignore line: [ /usr/include/x86_64-linux-gnu/c++/11]
  ignore line: [ /usr/include/c++/11/backward]
  ignore line: [ /usr/lib/gcc/x86_64-linux-gnu/11/include]
  ignore line: [ /usr/local/include]
  ignore line: [ /usr/include/x86_64-linux-gnu]
  ignore line: [ /usr/include]
  ignore line: [End of search list.]
  ignore line: [GNU C++17 (Ubuntu 11.1.0-1ubuntu1~20.04) version 11.1.0 (x86_64-linux-gnu)]
  ignore line: [	compiled by GNU C version 11.1.0  GMP version 6.2.0  MPFR version 4.0.2  MPC version 1.1.0  isl version isl-0.22.1-GMP]
  ignore line: []
  ignore line: [GGC heuristics: --param ggc-min-expand=100 --param ggc-min-heapsize=131072]
  ignore line: [Compiler executable checksum: 7a79b9a038c6e5e716b693fdb4982943]
  ignore line: [COLLECT_GCC_OPTIONS='-v' '-o' 'CMakeFiles/cmTC_3c001.dir/CMakeCXXCompilerABI.cpp.o' '-c' '-shared-libgcc' '-mtune=generic' '-march=x86-64' '-dumpdir' 'CMakeFiles/cmTC_3c001.dir/']
  ignore line: [ as -v --64 -o CMakeFiles/cmTC_3c001.dir/CMakeCXXCompilerABI.cpp.o /tmp/ccLCEEpS.s]
  ignore line: [GNU assembler version 2.34 (x86_64-linux-gnu) using BFD version (GNU Binutils for Ubuntu) 2.34]
  ignore line: [COMPILER_PATH=/usr/lib/gcc/x86_64-linux-gnu/11/:/usr/lib/gcc/x86_64-linux-gnu/11/:/usr/lib/gcc/x86_64-linux-gnu/:/usr/lib/gcc/x86_64-linux-gnu/11/:/usr/lib/gcc/x86_64-linux-gnu/]
  ignore line: [LIBRARY_PATH=/usr/lib/gcc/x86_64-linux-gnu/11/:/usr/lib/gcc/x86_64-linux-gnu/11/../../../x86_64-linux-gnu/:/usr/lib/gcc/x86_64-linux-gnu/11/../../../../lib/:/lib/x86_64-linux-gnu/:/lib/../lib/:/usr/lib/x86_64-linux-gnu/:/usr/lib/../lib/:/usr/lib/gcc/x86_64-linux-gnu/11/../../../:/lib/:/usr/lib/]
  ignore line: [COLLECT_GCC_OPTIONS='-v' '-o' 'CMakeFiles/cmTC_3c001.dir/CMakeCXXCompilerABI.cpp.o' '-c' '-shared-libgcc' '-mtune=generic' '-march=x86-64' '-dumpdir' 'CMakeFiles/cmTC_3c001.dir/CMakeCXXCompilerABI.cpp.']
  ignore line: [Linking CXX executable cmTC_3c001]
  ignore line: [/usr/bin/cmake -E cmake_link_script CMakeFiles/cmTC_3c001.dir/link.txt --verbose=1]
  ignore line: [/usr/bin/g++-11      -v CMakeFiles/cmTC_3c001.dir/CMakeCXXCompilerABI.cpp.o  -o cmTC_3c001 ]
  ignore line: [Using built-in specs.]
  ignore line: [COLLECT_GCC=/usr/bin/g++-11]
  ignore line: [COLLECT_LTO_WRAPPER=/usr/lib/gcc/x86_64-linux-gnu/11/lto-wrapper]
  ignore line: [OFFLOAD_TARGET_NAMES=nvptx-none:amdgcn-amdhsa]
  ignore line: [OFFLOAD_TARGET_DEFAULT=1]
  ignore line: [Target: x86_64-linux-gnu]
  ignore line: [Configured with: ../src/configure -v --with-pkgversion='Ubuntu 11.1.0-1ubuntu1~20.04' --with-bugurl=file:///usr/share/doc/gcc-11/README.Bugs --enable-languages=c ada c++ go brig d fortran objc obj-c++ m2 --prefix=/usr --with-gcc-major-version-only --program-suffix=-11 --program-prefix=x86_64-linux-gnu- --enable-shared --enable-linker-build-id --libexecdir=/usr/lib --without-included-gettext --enable-threads=posix --libdir=/usr/lib --enable-nls --enable-bootstrap --enable-clocale=gnu --enable-libstdcxx-debug --enable-libstdcxx-time=yes --with-default-libstdcxx-abi=new --enable-gnu-unique-object --disable-vtable-verify --enable-plugin --enable-default-pie --with-system-zlib --enable-libphobos-checking=release --with-target-system-zlib=auto --enable-objc-gc=auto --enable-multiarch --disable-werror --disable-cet --with-arch-32=i686 --with-abi=m64 --with-multilib-list=m32 m64 mx32 --enable-multilib --with-tune=generic --enable-offload-targets=nvptx-none=/build/gcc-11-2V7zgg/gcc-11-11.1.0/debian/tmp-nvptx/usr amdgcn-amdhsa=/build/gcc-11-2V7zgg/gcc-11-11.1.0/debian/tmp-gcn/usr --without-cuda-driver --enable-checking=release --build=x86_64-linux-gnu --host=x86_64-linux-gnu --target=x86_64-linux-gnu --with-build-config=bootstrap-lto-lean --enable-link-serialization=2]
  ignore line: [Thread model: posix]
  ignore line: [Supported LTO compression algorithms: zlib zstd]
  ignore line: [gcc version 11.1.0 (Ubuntu 11.1.0-1ubuntu1~20.04) ]
  ignore line: [COMPILER_PATH=/usr/lib/gcc/x86_64-linux-gnu/11/:/usr/lib/gcc/x86_64-linux-gnu/11/:/usr/lib/gcc/x86_64-linux-gnu/:/usr/lib/gcc/x86_64-linux-gnu/11/:/usr/lib/gcc/x86_64-linux-gnu/]
  ignore line: [LIBRARY_PATH=/usr/lib/gcc/x86_64-linux-gnu/11/:/usr/lib/gcc/x86_64-linux-gnu/11/../../../x86_64-linux-gnu/:/usr/lib/gcc/x86_64-linux-gnu/11/../../../../lib/:/lib/x86_64-linux-gnu/:/lib/../lib/:/usr/lib/x86_64-linux-gnu/:/usr/lib/../lib/:/usr/lib/gcc/x86_64-linux-gnu/11/../../../:/lib/:/usr/lib/]
  ignore line: [COLLECT_GCC_OPTIONS='-v' '-o' 'cmTC_3c001' '-shared-libgcc' '-mtune=generic' '-march=x86-64' '-dumpdir' 'cmTC_3c001.']
  link line: [ /usr/lib/gcc/x86_64-linux-gnu/11/collect2 -plugin /usr/lib/gcc/x86_64-linux-gnu/11/liblto_plugin.so -plugin-opt=/usr/lib/gcc/x86_64-linux-gnu/11/lto-wrapper -plugin-opt=-fresolution=/tmp/ccviYcnl.res -plugin-opt=-pass-through=-lgcc_s -plugin-opt=-pass-through=-lgcc -plugin-opt=-pass-through=-lc -plugin-opt=-pass-through=-lgcc_s -plugin-opt=-pass-through=-lgcc --build-id --eh-frame-hdr -m elf_x86_64 --hash-style=gnu --as-needed -dynamic-linker /lib64/ld-linux-x86-64.so.2 -pie -z now -z relro -o cmTC_3c001 /usr/lib/gcc/x86_64-linux-gnu/11/../../../x86_64-linux-gnu/Scrt1.o /usr/lib/gcc/x86_64-linux-gnu/11/../../../x86_64-linux-gnu/crti.o /usr/lib/gcc/x86_64-linux-gnu/11/crtbeginS.o -L/usr/lib/gcc/x86_64-linux-gnu/11 -L/usr/lib/gcc/x86_64-linux-gnu/11/../../../x86_64-linux-gnu -L/usr/lib/gcc/x86_64-linux-gnu/11/../../../../lib -L/lib/x86_64-linux-gnu -L/lib/../lib -L/usr/lib/x86_64-linux-gnu -L/usr/lib/../lib -L/usr/lib/gcc/x86_64-linux-gnu/11/../../.. CMakeFiles/cmTC_3c001.dir/CMakeCXXCompilerABI.cpp.o -lstdc++ -lm -lgcc_s -lgcc -lc -lgcc_s -lgcc /usr/lib/gcc/x86_64-linux-gnu/11/crtendS.o /usr/lib/gcc/x86_64-linux-gnu/11/../../../x86_64-linux-gnu/crtn.o]
    arg [/usr/lib/gcc/x86_64-linux-gnu/11/collect2] ==> ignore
    arg [-plugin] ==> ignore
    arg [/usr/lib/gcc/x86_64-linux-gnu/11/liblto_plugin.so] ==> ignore
    arg [-plugin-opt=/usr/lib/gcc/x86_64-linux-gnu/11/lto-wrapper] ==> ignore
    arg [-plugin-opt=-fresolution=/tmp/ccviYcnl.res] ==> ignore
    arg [-plugin-opt=-pass-through=-lgcc_s] ==> ignore
    arg [-plugin-opt=-pass-through=-lgcc] ==> ignore
    arg [-plugin-opt=-pass-through=-lc] ==> ignore
    arg [-plugin-opt=-pass-through=-lgcc_s] ==> ignore
    arg [-plugin-opt=-pass-through=-lgcc] ==> ignore
    arg [--build-id] ==> ignore
    arg [--eh-frame-hdr] ==> ignore
    arg [-m] ==> ignore
    arg [elf_x86_64] ==> ignore
    arg [--hash-style=gnu] ==> ignore
    arg [--as-needed] ==> ignore
    arg [-dynamic-linker] ==> ignore
    arg [/lib64/ld-linux-x86-64.so.2] ==> ignore
    arg [-pie] ==> ignore
    arg [-znow] ==> ignore
    arg [-zrelro] ==> ignore
    arg [-o] ==> ignore
    arg [cmTC_3c001] ==> ignore
    arg [/usr/lib/gcc/x86_64-linux-gnu/11/../../../x86_64-linux-gnu/Scrt1.o] ==> ignore
    arg [/usr/lib/gcc/x86_64-linux-gnu/11/../../../x86_64-linux-gnu/crti.o] ==> ignore
    arg [/usr/lib/gcc/x86_64-linux-gnu/11/crtbeginS.o] ==> ignore
    arg [-L/usr/lib/gcc/x86_64-linux-gnu/11] ==> dir [/usr/lib/gcc/x86_64-linux-gnu/11]
    arg [-L/usr/lib/gcc/x86_64-linux-gnu/11/../../../x86_64-linux-gnu] ==> dir [/usr/lib/gcc/x86_64-linux-gnu/11/../../../x86_64-linux-gnu]
    arg [-L/usr/lib/gcc/x86_64-linux-gnu/11/../../../../lib] ==> dir [/usr/lib/gcc/x86_64-linux-gnu/11/../../../../lib]
    arg [-L/lib/x86_64-linux-gnu] ==> dir [/lib/x86_64-linux-gnu]
    arg [-L/lib/../lib] ==> dir [/lib/../lib]
    arg [-L/usr/lib/x86_64-linux-gnu] ==> dir [/usr/lib/x86_64-linux-gnu]
    arg [-L/usr/lib/../lib] ==> dir [/usr/lib/../lib]
    arg [-L/usr/lib/gcc/x86_64-linux-gnu/11/../../..] ==> dir [/usr/lib/gcc/x86_64-linux-gnu/11/../../..]
    arg [CMakeFiles/cmTC_3c001.dir/CMakeCXXCompilerABI.cpp.o] ==> ignore
    arg [-lstdc++] ==> lib [stdc++]
    arg [-lm] ==> lib [m]
    arg [-lgcc_s] ==> lib [gcc_s]
    arg [-lgcc] ==> lib [gcc]
    arg [-lc] ==> lib [c]
    arg [-lgcc_s] ==> lib [gcc_s]
    arg [-lgcc] ==> lib [gcc]
    arg [/usr/lib/gcc/x86_64-linux-gnu/11/crtendS.o] ==> ignore
    arg [/usr/lib/gcc/x86_64-linux-gnu/11/../../../x86_64-linux-gnu/crtn.o] ==> ignore
  collapse library dir [/usr/lib/gcc/x86_64-linux-gnu/11] ==> [/usr/lib/gcc/x86_64-linux-gnu/11]
  collapse library dir [/usr/lib/gcc/x86_64-linux-gnu/11/../../../x86_64-linux-gnu] ==> [/usr/lib/x86_64-linux-gnu]
  collapse library dir [/usr/lib/gcc/x86_64-linux-gnu/11/../../../../lib] ==> [/usr/lib]
  collapse library dir [/lib/x86_64-linux-gnu] ==> [/lib/x86_64-linux-gnu]
  collapse library dir [/lib/../lib] ==> [/lib]
  collapse library dir [/usr/lib/x86_64-linux-gnu] ==> [/usr/lib/x86_64-linux-gnu]
  collapse library dir [/usr/lib/../lib] ==> [/usr/lib]
  collapse library dir [/usr/lib/gcc/x86_64-linux-gnu/11/../../..] ==> [/usr/lib]
  implicit libs: [stdc++;m;gcc_s;gcc;c;gcc_s;gcc]
  implicit dirs: [/usr/lib/gcc/x86_64-linux-gnu/11;/usr/lib/x86_64-linux-gnu;/usr/lib;/lib/x86_64-linux-gnu;/lib]
  implicit fwks: []


Determining if the C compiler works passed with the following output:
Change Dir: /home/betto/src/cesium-native-ooc/buildD/CMakeFiles/CMakeTmp

Run Build Command(s):/usr/bin/make cmTC_68154/fast && /usr/bin/make -f CMakeFiles/cmTC_68154.dir/build.make CMakeFiles/cmTC_68154.dir/build
make[1]: Entering directory '/home/betto/src/cesium-native-ooc/buildD/CMakeFiles/CMakeTmp'
Building C object CMakeFiles/cmTC_68154.dir/testCCompiler.c.o
/usr/bin/gcc-11    -o CMakeFiles/cmTC_68154.dir/testCCompiler.c.o   -c /home/betto/src/cesium-native-ooc/buildD/CMakeFiles/CMakeTmp/testCCompiler.c
Linking C executable cmTC_68154
/usr/bin/cmake -E cmake_link_script CMakeFiles/cmTC_68154.dir/link.txt --verbose=1
/usr/bin/gcc-11      CMakeFiles/cmTC_68154.dir/testCCompiler.c.o  -o cmTC_68154 
make[1]: Leaving directory '/home/betto/src/cesium-native-ooc/buildD/CMakeFiles/CMakeTmp'



Detecting C compiler ABI info compiled with the following output:
Change Dir: /home/betto/src/cesium-native-ooc/buildD/CMakeFiles/CMakeTmp

Run Build Command(s):/usr/bin/make cmTC_cc068/fast && /usr/bin/make -f CMakeFiles/cmTC_cc068.dir/build.make CMakeFiles/cmTC_cc068.dir/build
make[1]: Entering directory '/home/betto/src/cesium-native-ooc/buildD/CMakeFiles/CMakeTmp'
Building C object CMakeFiles/cmTC_cc068.dir/CMakeCCompilerABI.c.o
/usr/bin/gcc-11   -v -o CMakeFiles/cmTC_cc068.dir/CMakeCCompilerABI.c.o   -c /usr/share/cmake-3.16/Modules/CMakeCCompilerABI.c
Using built-in specs.
COLLECT_GCC=/usr/bin/gcc-11
OFFLOAD_TARGET_NAMES=nvptx-none:amdgcn-amdhsa
OFFLOAD_TARGET_DEFAULT=1
Target: x86_64-linux-gnu
Configured with: ../src/configure -v --with-pkgversion='Ubuntu 11.1.0-1ubuntu1~20.04' --with-bugurl=file:///usr/share/doc/gcc-11/README.Bugs --enable-languages=c,ada,c++,go,brig,d,fortran,objc,obj-c++,m2 --prefix=/usr --with-gcc-major-version-only --program-suffix=-11 --program-prefix=x86_64-linux-gnu- --enable-shared --enable-linker-build-id --libexecdir=/usr/lib --without-included-gettext --enable-threads=posix --libdir=/usr/lib --enable-nls --enable-bootstrap --enable-clocale=gnu --enable-libstdcxx-debug --enable-libstdcxx-time=yes --with-default-libstdcxx-abi=new --enable-gnu-unique-object --disable-vtable-verify --enable-plugin --enable-default-pie --with-system-zlib --enable-libphobos-checking=release --with-target-system-zlib=auto --enable-objc-gc=auto --enable-multiarch --disable-werror --disable-cet --with-arch-32=i686 --with-abi=m64 --with-multilib-list=m32,m64,mx32 --enable-multilib --with-tune=generic --enable-offload-targets=nvptx-none=/build/gcc-11-2V7zgg/gcc-11-11.1.0/debian/tmp-nvptx/usr,amdgcn-amdhsa=/build/gcc-11-2V7zgg/gcc-11-11.1.0/debian/tmp-gcn/usr --without-cuda-driver --enable-checking=release --build=x86_64-linux-gnu --host=x86_64-linux-gnu --target=x86_64-linux-gnu --with-build-config=bootstrap-lto-lean --enable-link-serialization=2
Thread model: posix
Supported LTO compression algorithms: zlib zstd
gcc version 11.1.0 (Ubuntu 11.1.0-1ubuntu1~20.04) 
COLLECT_GCC_OPTIONS='-v' '-o' 'CMakeFiles/cmTC_cc068.dir/CMakeCCompilerABI.c.o' '-c' '-mtune=generic' '-march=x86-64' '-dumpdir' 'CMakeFiles/cmTC_cc068.dir/'
 /usr/lib/gcc/x86_64-linux-gnu/11/cc1 -quiet -v -imultiarch x86_64-linux-gnu /usr/share/cmake-3.16/Modules/CMakeCCompilerABI.c -quiet -dumpdir CMakeFiles/cmTC_cc068.dir/ -dumpbase CMakeCCompilerABI.c.c -dumpbase-ext .c -mtune=generic -march=x86-64 -version -fasynchronous-unwind-tables -fstack-protector-strong -Wformat -Wformat-security -fstack-clash-protection -fcf-protection -o /tmp/ccp2JdnR.s
GNU C17 (Ubuntu 11.1.0-1ubuntu1~20.04) version 11.1.0 (x86_64-linux-gnu)
	compiled by GNU C version 11.1.0, GMP version 6.2.0, MPFR version 4.0.2, MPC version 1.1.0, isl version isl-0.22.1-GMP

GGC heuristics: --param ggc-min-expand=100 --param ggc-min-heapsize=131072
ignoring nonexistent directory "/usr/local/include/x86_64-linux-gnu"
ignoring nonexistent directory "/usr/lib/gcc/x86_64-linux-gnu/11/include-fixed"
ignoring nonexistent directory "/usr/lib/gcc/x86_64-linux-gnu/11/../../../../x86_64-linux-gnu/include"
#include "..." search starts here:
#include <...> search starts here:
 /usr/lib/gcc/x86_64-linux-gnu/11/include
 /usr/local/include
 /usr/include/x86_64-linux-gnu
 /usr/include
End of search list.
GNU C17 (Ubuntu 11.1.0-1ubuntu1~20.04) version 11.1.0 (x86_64-linux-gnu)
	compiled by GNU C version 11.1.0, GMP version 6.2.0, MPFR version 4.0.2, MPC version 1.1.0, isl version isl-0.22.1-GMP

GGC heuristics: --param ggc-min-expand=100 --param ggc-min-heapsize=131072
Compiler executable checksum: 8ec796f2f597d1eafc73c36d7f1d247c
COLLECT_GCC_OPTIONS='-v' '-o' 'CMakeFiles/cmTC_cc068.dir/CMakeCCompilerABI.c.o' '-c' '-mtune=generic' '-march=x86-64' '-dumpdir' 'CMakeFiles/cmTC_cc068.dir/'
 as -v --64 -o CMakeFiles/cmTC_cc068.dir/CMakeCCompilerABI.c.o /tmp/ccp2JdnR.s
GNU assembler version 2.34 (x86_64-linux-gnu) using BFD version (GNU Binutils for Ubuntu) 2.34
COMPILER_PATH=/usr/lib/gcc/x86_64-linux-gnu/11/:/usr/lib/gcc/x86_64-linux-gnu/11/:/usr/lib/gcc/x86_64-linux-gnu/:/usr/lib/gcc/x86_64-linux-gnu/11/:/usr/lib/gcc/x86_64-linux-gnu/
LIBRARY_PATH=/usr/lib/gcc/x86_64-linux-gnu/11/:/usr/lib/gcc/x86_64-linux-gnu/11/../../../x86_64-linux-gnu/:/usr/lib/gcc/x86_64-linux-gnu/11/../../../../lib/:/lib/x86_64-linux-gnu/:/lib/../lib/:/usr/lib/x86_64-linux-gnu/:/usr/lib/../lib/:/usr/lib/gcc/x86_64-linux-gnu/11/../../../:/lib/:/usr/lib/
COLLECT_GCC_OPTIONS='-v' '-o' 'CMakeFiles/cmTC_cc068.dir/CMakeCCompilerABI.c.o' '-c' '-mtune=generic' '-march=x86-64' '-dumpdir' 'CMakeFiles/cmTC_cc068.dir/CMakeCCompilerABI.c.'
Linking C executable cmTC_cc068
/usr/bin/cmake -E cmake_link_script CMakeFiles/cmTC_cc068.dir/link.txt --verbose=1
/usr/bin/gcc-11     -v CMakeFiles/cmTC_cc068.dir/CMakeCCompilerABI.c.o  -o cmTC_cc068 
Using built-in specs.
COLLECT_GCC=/usr/bin/gcc-11
COLLECT_LTO_WRAPPER=/usr/lib/gcc/x86_64-linux-gnu/11/lto-wrapper
OFFLOAD_TARGET_NAMES=nvptx-none:amdgcn-amdhsa
OFFLOAD_TARGET_DEFAULT=1
Target: x86_64-linux-gnu
Configured with: ../src/configure -v --with-pkgversion='Ubuntu 11.1.0-1ubuntu1~20.04' --with-bugurl=file:///usr/share/doc/gcc-11/README.Bugs --enable-languages=c,ada,c++,go,brig,d,fortran,objc,obj-c++,m2 --prefix=/usr --with-gcc-major-version-only --program-suffix=-11 --program-prefix=x86_64-linux-gnu- --enable-shared --enable-linker-build-id --libexecdir=/usr/lib --without-included-gettext --enable-threads=posix --libdir=/usr/lib --enable-nls --enable-bootstrap --enable-clocale=gnu --enable-libstdcxx-debug --enable-libstdcxx-time=yes --with-default-libstdcxx-abi=new --enable-gnu-unique-object --disable-vtable-verify --enable-plugin --enable-default-pie --with-system-zlib --enable-libphobos-checking=release --with-target-system-zlib=auto --enable-objc-gc=auto --enable-multiarch --disable-werror --disable-cet --with-arch-32=i686 --with-abi=m64 --with-multilib-list=m32,m64,mx32 --enable-multilib --with-tune=generic --enable-offload-targets=nvptx-none=/build/gcc-11-2V7zgg/gcc-11-11.1.0/debian/tmp-nvptx/usr,amdgcn-amdhsa=/build/gcc-11-2V7zgg/gcc-11-11.1.0/debian/tmp-gcn/usr --without-cuda-driver --enable-checking=release --build=x86_64-linux-gnu --host=x86_64-linux-gnu --target=x86_64-linux-gnu --with-build-config=bootstrap-lto-lean --enable-link-serialization=2
Thread model: posix
Supported LTO compression algorithms: zlib zstd
gcc version 11.1.0 (Ubuntu 11.1.0-1ubuntu1~20.04) 
COMPILER_PATH=/usr/lib/gcc/x86_64-linux-gnu/11/:/usr/lib/gcc/x86_64-linux-gnu/11/:/usr/lib/gcc/x86_64-linux-gnu/:/usr/lib/gcc/x86_64-linux-gnu/11/:/usr/lib/gcc/x86_64-linux-gnu/
LIBRARY_PATH=/usr/lib/gcc/x86_64-linux-gnu/11/:/usr/lib/gcc/x86_64-linux-gnu/11/../../../x86_64-linux-gnu/:/usr/lib/gcc/x86_64-linux-gnu/11/../../../../lib/:/lib/x86_64-linux-gnu/:/lib/../lib/:/usr/lib/x86_64-linux-gnu/:/usr/lib/../lib/:/usr/lib/gcc/x86_64-linux-gnu/11/../../../:/lib/:/usr/lib/
COLLECT_GCC_OPTIONS='-v' '-o' 'cmTC_cc068' '-mtune=generic' '-march=x86-64' '-dumpdir' 'cmTC_cc068.'
 /usr/lib/gcc/x86_64-linux-gnu/11/collect2 -plugin /usr/lib/gcc/x86_64-linux-gnu/11/liblto_plugin.so -plugin-opt=/usr/lib/gcc/x86_64-linux-gnu/11/lto-wrapper -plugin-opt=-fresolution=/tmp/ccuhLIIi.res -plugin-opt=-pass-through=-lgcc -plugin-opt=-pass-through=-lgcc_s -plugin-opt=-pass-through=-lc -plugin-opt=-pass-through=-lgcc -plugin-opt=-pass-through=-lgcc_s --build-id --eh-frame-hdr -m elf_x86_64 --hash-style=gnu --as-needed -dynamic-linker /lib64/ld-linux-x86-64.so.2 -pie -z now -z relro -o cmTC_cc068 /usr/lib/gcc/x86_64-linux-gnu/11/../../../x86_64-linux-gnu/Scrt1.o /usr/lib/gcc/x86_64-linux-gnu/11/../../../x86_64-linux-gnu/crti.o /usr/lib/gcc/x86_64-linux-gnu/11/crtbeginS.o -L/usr/lib/gcc/x86_64-linux-gnu/11 -L/usr/lib/gcc/x86_64-linux-gnu/11/../../../x86_64-linux-gnu -L/usr/lib/gcc/x86_64-linux-gnu/11/../../../../lib -L/lib/x86_64-linux-gnu -L/lib/../lib -L/usr/lib/x86_64-linux-gnu -L/usr/lib/../lib -L/usr/lib/gcc/x86_64-linux-gnu/11/../../.. CMakeFiles/cmTC_cc068.dir/CMakeCCompilerABI.c.o -lgcc --push-state --as-needed -lgcc_s --pop-state -lc -lgcc --push-state --as-needed -lgcc_s --pop-state /usr/lib/gcc/x86_64-linux-gnu/11/crtendS.o /usr/lib/gcc/x86_64-linux-gnu/11/../../../x86_64-linux-gnu/crtn.o
COLLECT_GCC_OPTIONS='-v' '-o' 'cmTC_cc068' '-mtune=generic' '-march=x86-64' '-dumpdir' 'cmTC_cc068.'
make[1]: Leaving directory '/home/betto/src/cesium-native-ooc/buildD/CMakeFiles/CMakeTmp'



Parsed C implicit include dir info from above output: rv=done
  found start of include info
  found start of implicit include info
    add: [/usr/lib/gcc/x86_64-linux-gnu/11/include]
    add: [/usr/local/include]
    add: [/usr/include/x86_64-linux-gnu]
    add: [/usr/include]
  end of search list found
  collapse include dir [/usr/lib/gcc/x86_64-linux-gnu/11/include] ==> [/usr/lib/gcc/x86_64-linux-gnu/11/include]
  collapse include dir [/usr/local/include] ==> [/usr/local/include]
  collapse include dir [/usr/include/x86_64-linux-gnu] ==> [/usr/include/x86_64-linux-gnu]
  collapse include dir [/usr/include] ==> [/usr/include]
  implicit include dirs: [/usr/lib/gcc/x86_64-linux-gnu/11/include;/usr/local/include;/usr/include/x86_64-linux-gnu;/usr/include]


Parsed C implicit link information from above output:
  link line regex: [^( *|.*[/\])(ld|CMAKE_LINK_STARTFILE-NOTFOUND|([^/\]+-)?ld|collect2)[^/\]*( |$)]
  ignore line: [Change Dir: /home/betto/src/cesium-native-ooc/buildD/CMakeFiles/CMakeTmp]
  ignore line: []
  ignore line: [Run Build Command(s):/usr/bin/make cmTC_cc068/fast && /usr/bin/make -f CMakeFiles/cmTC_cc068.dir/build.make CMakeFiles/cmTC_cc068.dir/build]
  ignore line: [make[1]: Entering directory '/home/betto/src/cesium-native-ooc/buildD/CMakeFiles/CMakeTmp']
  ignore line: [Building C object CMakeFiles/cmTC_cc068.dir/CMakeCCompilerABI.c.o]
  ignore line: [/usr/bin/gcc-11   -v -o CMakeFiles/cmTC_cc068.dir/CMakeCCompilerABI.c.o   -c /usr/share/cmake-3.16/Modules/CMakeCCompilerABI.c]
  ignore line: [Using built-in specs.]
  ignore line: [COLLECT_GCC=/usr/bin/gcc-11]
  ignore line: [OFFLOAD_TARGET_NAMES=nvptx-none:amdgcn-amdhsa]
  ignore line: [OFFLOAD_TARGET_DEFAULT=1]
  ignore line: [Target: x86_64-linux-gnu]
  ignore line: [Configured with: ../src/configure -v --with-pkgversion='Ubuntu 11.1.0-1ubuntu1~20.04' --with-bugurl=file:///usr/share/doc/gcc-11/README.Bugs --enable-languages=c ada c++ go brig d fortran objc obj-c++ m2 --prefix=/usr --with-gcc-major-version-only --program-suffix=-11 --program-prefix=x86_64-linux-gnu- --enable-shared --enable-linker-build-id --libexecdir=/usr/lib --without-included-gettext --enable-threads=posix --libdir=/usr/lib --enable-nls --enable-bootstrap --enable-clocale=gnu --enable-libstdcxx-debug --enable-libstdcxx-time=yes --with-default-libstdcxx-abi=new --enable-gnu-unique-object --disable-vtable-verify --enable-plugin --enable-default-pie --with-system-zlib --enable-libphobos-checking=release --with-target-system-zlib=auto --enable-objc-gc=auto --enable-multiarch --disable-werror --disable-cet --with-arch-32=i686 --with-abi=m64 --with-multilib-list=m32 m64 mx32 --enable-multilib --with-tune=generic --enable-offload-targets=nvptx-none=/build/gcc-11-2V7zgg/gcc-11-11.1.0/debian/tmp-nvptx/usr amdgcn-amdhsa=/build/gcc-11-2V7zgg/gcc-11-11.1.0/debian/tmp-gcn/usr --without-cuda-driver --enable-checking=release --build=x86_64-linux-gnu --host=x86_64-linux-gnu --target=x86_64-linux-gnu --with-build-config=bootstrap-lto-lean --enable-link-serialization=2]
  ignore line: [Thread model: posix]
  ignore line: [Supported LTO compression algorithms: zlib zstd]
  ignore line: [gcc version 11.1.0 (Ubuntu 11.1.0-1ubuntu1~20.04) ]
  ignore line: [COLLECT_GCC_OPTIONS='-v' '-o' 'CMakeFiles/cmTC_cc068.dir/CMakeCCompilerABI.c.o' '-c' '-mtune=generic' '-march=x86-64' '-dumpdir' 'CMakeFiles/cmTC_cc068.dir/']
  ignore line: [ /usr/lib/gcc/x86_64-linux-gnu/11/cc1 -quiet -v -imultiarch x86_64-linux-gnu /usr/share/cmake-3.16/Modules/CMakeCCompilerABI.c -quiet -dumpdir CMakeFiles/cmTC_cc068.dir/ -dumpbase CMakeCCompilerABI.c.c -dumpbase-ext .c -mtune=generic -march=x86-64 -version -fasynchronous-unwind-tables -fstack-protector-strong -Wformat -Wformat-security -fstack-clash-protection -fcf-protection -o /tmp/ccp2JdnR.s]
  ignore line: [GNU C17 (Ubuntu 11.1.0-1ubuntu1~20.04) version 11.1.0 (x86_64-linux-gnu)]
  ignore line: [	compiled by GNU C version 11.1.0  GMP version 6.2.0  MPFR version 4.0.2  MPC version 1.1.0  isl version isl-0.22.1-GMP]
  ignore line: []
  ignore line: [GGC heuristics: --param ggc-min-expand=100 --param ggc-min-heapsize=131072]
  ignore line: [ignoring nonexistent directory "/usr/local/include/x86_64-linux-gnu"]
  ignore line: [ignoring nonexistent directory "/usr/lib/gcc/x86_64-linux-gnu/11/include-fixed"]
  ignore line: [ignoring nonexistent directory "/usr/lib/gcc/x86_64-linux-gnu/11/../../../../x86_64-linux-gnu/include"]
  ignore line: [#include "..." search starts here:]
  ignore line: [#include <...> search starts here:]
  ignore line: [ /usr/lib/gcc/x86_64-linux-gnu/11/include]
  ignore line: [ /usr/local/include]
  ignore line: [ /usr/include/x86_64-linux-gnu]
  ignore line: [ /usr/include]
  ignore line: [End of search list.]
  ignore line: [GNU C17 (Ubuntu 11.1.0-1ubuntu1~20.04) version 11.1.0 (x86_64-linux-gnu)]
  ignore line: [	compiled by GNU C version 11.1.0  GMP version 6.2.0  MPFR version 4.0.2  MPC version 1.1.0  isl version isl-0.22.1-GMP]
  ignore line: []
  ignore line: [GGC heuristics: --param ggc-min-expand=100 --param ggc-min-heapsize=131072]
  ignore line: [Compiler executable checksum: 8ec796f2f597d1eafc73c36d7f1d247c]
  ignore line: [COLLECT_GCC_OPTIONS='-v' '-o' 'CMakeFiles/cmTC_cc068.dir/CMakeCCompilerABI.c.o' '-c' '-mtune=generic' '-march=x86-64' '-dumpdir' 'CMakeFiles/cmTC_cc068.dir/']
  ignore line: [ as -v --64 -o CMakeFiles/cmTC_cc068.dir/CMakeCCompilerABI.c.o /tmp/ccp2JdnR.s]
  ignore line: [GNU assembler version 2.34 (x86_64-linux-gnu) using BFD version (GNU Binutils for Ubuntu) 2.34]
  ignore line: [COMPILER_PATH=/usr/lib/gcc/x86_64-linux-gnu/11/:/usr/lib/gcc/x86_64-linux-gnu/11/:/usr/lib/gcc/x86_64-linux-gnu/:/usr/lib/gcc/x86_64-linux-gnu/11/:/usr/lib/gcc/x86_64-linux-gnu/]
  ignore line: [LIBRARY_PATH=/usr/lib/gcc/x86_64-linux-gnu/11/:/usr/lib/gcc/x86_64-linux-gnu/11/../../../x86_64-linux-gnu/:/usr/lib/gcc/x86_64-linux-gnu/11/../../../../lib/:/lib/x86_64-linux-gnu/:/lib/../lib/:/usr/lib/x86_64-linux-gnu/:/usr/lib/../lib/:/usr/lib/gcc/x86_64-linux-gnu/11/../../../:/lib/:/usr/lib/]
  ignore line: [COLLECT_GCC_OPTIONS='-v' '-o' 'CMakeFiles/cmTC_cc068.dir/CMakeCCompilerABI.c.o' '-c' '-mtune=generic' '-march=x86-64' '-dumpdir' 'CMakeFiles/cmTC_cc068.dir/CMakeCCompilerABI.c.']
  ignore line: [Linking C executable cmTC_cc068]
  ignore line: [/usr/bin/cmake -E cmake_link_script CMakeFiles/cmTC_cc068.dir/link.txt --verbose=1]
  ignore line: [/usr/bin/gcc-11     -v CMakeFiles/cmTC_cc068.dir/CMakeCCompilerABI.c.o  -o cmTC_cc068 ]
  ignore line: [Using built-in specs.]
  ignore line: [COLLECT_GCC=/usr/bin/gcc-11]
  ignore line: [COLLECT_LTO_WRAPPER=/usr/lib/gcc/x86_64-linux-gnu/11/lto-wrapper]
  ignore line: [OFFLOAD_TARGET_NAMES=nvptx-none:amdgcn-amdhsa]
  ignore line: [OFFLOAD_TARGET_DEFAULT=1]
  ignore line: [Target: x86_64-linux-gnu]
  ignore line: [Configured with: ../src/configure -v --with-pkgversion='Ubuntu 11.1.0-1ubuntu1~20.04' --with-bugurl=file:///usr/share/doc/gcc-11/README.Bugs --enable-languages=c ada c++ go brig d fortran objc obj-c++ m2 --prefix=/usr --with-gcc-major-version-only --program-suffix=-11 --program-prefix=x86_64-linux-gnu- --enable-shared --enable-linker-build-id --libexecdir=/usr/lib --without-included-gettext --enable-threads=posix --libdir=/usr/lib --enable-nls --enable-bootstrap --enable-clocale=gnu --enable-libstdcxx-debug --enable-libstdcxx-time=yes --with-default-libstdcxx-abi=new --enable-gnu-unique-object --disable-vtable-verify --enable-plugin --enable-default-pie --with-system-zlib --enable-libphobos-checking=release --with-target-system-zlib=auto --enable-objc-gc=auto --enable-multiarch --disable-werror --disable-cet --with-arch-32=i686 --with-abi=m64 --with-multilib-list=m32 m64 mx32 --enable-multilib --with-tune=generic --enable-offload-targets=nvptx-none=/build/gcc-11-2V7zgg/gcc-11-11.1.0/debian/tmp-nvptx/usr amdgcn-amdhsa=/build/gcc-11-2V7zgg/gcc-11-11.1.0/debian/tmp-gcn/usr --without-cuda-driver --enable-checking=release --build=x86_64-linux-gnu --host=x86_64-linux-gnu --target=x86_64-linux-gnu --with-build-config=bootstrap-lto-lean --enable-link-serialization=2]
  ignore line: [Thread model: posix]
  ignore line: [Supported LTO compression algorithms: zlib zstd]
  ignore line: [gcc version 11.1.0 (Ubuntu 11.1.0-1ubuntu1~20.04) ]
  ignore line: [COMPILER_PATH=/usr/lib/gcc/x86_64-linux-gnu/11/:/usr/lib/gcc/x86_64-linux-gnu/11/:/usr/lib/gcc/x86_64-linux-gnu/:/usr/lib/gcc/x86_64-linux-gnu/11/:/usr/lib/gcc/x86_64-linux-gnu/]
  ignore line: [LIBRARY_PATH=/usr/lib/gcc/x86_64-linux-gnu/11/:/usr/lib/gcc/x86_64-linux-gnu/11/../../../x86_64-linux-gnu/:/usr/lib/gcc/x86_64-linux-gnu/11/../../../../lib/:/lib/x86_64-linux-gnu/:/lib/../lib/:/usr/lib/x86_64-linux-gnu/:/usr/lib/../lib/:/usr/lib/gcc/x86_64-linux-gnu/11/../../../:/lib/:/usr/lib/]
  ignore line: [COLLECT_GCC_OPTIONS='-v' '-o' 'cmTC_cc068' '-mtune=generic' '-march=x86-64' '-dumpdir' 'cmTC_cc068.']
  link line: [ /usr/lib/gcc/x86_64-linux-gnu/11/collect2 -plugin /usr/lib/gcc/x86_64-linux-gnu/11/liblto_plugin.so -plugin-opt=/usr/lib/gcc/x86_64-linux-gnu/11/lto-wrapper -plugin-opt=-fresolution=/tmp/ccuhLIIi.res -plugin-opt=-pass-through=-lgcc -plugin-opt=-pass-through=-lgcc_s -plugin-opt=-pass-through=-lc -plugin-opt=-pass-through=-lgcc -plugin-opt=-pass-through=-lgcc_s --build-id --eh-frame-hdr -m elf_x86_64 --hash-style=gnu --as-needed -dynamic-linker /lib64/ld-linux-x86-64.so.2 -pie -z now -z relro -o cmTC_cc068 /usr/lib/gcc/x86_64-linux-gnu/11/../../../x86_64-linux-gnu/Scrt1.o /usr/lib/gcc/x86_64-linux-gnu/11/../../../x86_64-linux-gnu/crti.o /usr/lib/gcc/x86_64-linux-gnu/11/crtbeginS.o -L/usr/lib/gcc/x86_64-linux-gnu/11 -L/usr/lib/gcc/x86_64-linux-gnu/11/../../../x86_64-linux-gnu -L/usr/lib/gcc/x86_64-linux-gnu/11/../../../../lib -L/lib/x86_64-linux-gnu -L/lib/../lib -L/usr/lib/x86_64-linux-gnu -L/usr/lib/../lib -L/usr/lib/gcc/x86_64-linux-gnu/11/../../.. CMakeFiles/cmTC_cc068.dir/CMakeCCompilerABI.c.o -lgcc --push-state --as-needed -lgcc_s --pop-state -lc -lgcc --push-state --as-needed -lgcc_s --pop-state /usr/lib/gcc/x86_64-linux-gnu/11/crtendS.o /usr/lib/gcc/x86_64-linux-gnu/11/../../../x86_64-linux-gnu/crtn.o]
    arg [/usr/lib/gcc/x86_64-linux-gnu/11/collect2] ==> ignore
    arg [-plugin] ==> ignore
    arg [/usr/lib/gcc/x86_64-linux-gnu/11/liblto_plugin.so] ==> ignore
    arg [-plugin-opt=/usr/lib/gcc/x86_64-linux-gnu/11/lto-wrapper] ==> ignore
    arg [-plugin-opt=-fresolution=/tmp/ccuhLIIi.res] ==> ignore
    arg [-plugin-opt=-pass-through=-lgcc] ==> ignore
    arg [-plugin-opt=-pass-through=-lgcc_s] ==> ignore
    arg [-plugin-opt=-pass-through=-lc] ==> ignore
    arg [-plugin-opt=-pass-through=-lgcc] ==> ignore
    arg [-plugin-opt=-pass-through=-lgcc_s] ==> ignore
    arg [--build-id] ==> ignore
    arg [--eh-frame-hdr] ==> ignore
    arg [-m] ==> ignore
    arg [elf_x86_64] ==> ignore
    arg [--hash-style=gnu] ==> ignore
    arg [--as-needed] ==> ignore
    arg [-dynamic-linker] ==> ignore
    arg [/lib64/ld-linux-x86-64.so.2] ==> ignore
    arg [-pie] ==> ignore
    arg [-znow] ==> ignore
    arg [-zrelro] ==> ignore
    arg [-o] ==> ignore
    arg [cmTC_cc068] ==> ignore
    arg [/usr/lib/gcc/x86_64-linux-gnu/11/../../../x86_64-linux-gnu/Scrt1.o] ==> ignore
    arg [/usr/lib/gcc/x86_64-linux-gnu/11/../../../x86_64-linux-gnu/crti.o] ==> ignore
    arg [/usr/lib/gcc/x86_64-linux-gnu/11/crtbeginS.o] ==> ignore
    arg [-L/usr/lib/gcc/x86_64-linux-gnu/11] ==> dir [/usr/lib/gcc/x86_64-linux-gnu/11]
    arg [-L/usr/lib/gcc/x86_64-linux-gnu/11/../../../x86_64-linux-gnu] ==> dir [/usr/lib/gcc/x86_64-linux-gnu/11/../../../x86_64-linux-gnu]
    arg [-L/usr/lib/gcc/x86_64-linux-gnu/11/../../../../lib] ==> dir [/usr/lib/gcc/x86_64-linux-gnu/11/../../../../lib]
    arg [-L/lib/x86_64-linux-gnu] ==> dir [/lib/x86_64-linux-gnu]
    arg [-L/lib/../lib] ==> dir [/lib/../lib]
    arg [-L/usr/lib/x86_64-linux-gnu] ==> dir [/usr/lib/x86_64-linux-gnu]
    arg [-L/usr/lib/../lib] ==> dir [/usr/lib/../lib]
    arg [-L/usr/lib/gcc/x86_64-linux-gnu/11/../../..] ==> dir [/usr/lib/gcc/x86_64-linux-gnu/11/../../..]
    arg [CMakeFiles/cmTC_cc068.dir/CMakeCCompilerABI.c.o] ==> ignore
    arg [-lgcc] ==> lib [gcc]
    arg [--push-state] ==> ignore
    arg [--as-needed] ==> ignore
    arg [-lgcc_s] ==> lib [gcc_s]
    arg [--pop-state] ==> ignore
    arg [-lc] ==> lib [c]
    arg [-lgcc] ==> lib [gcc]
    arg [--push-state] ==> ignore
    arg [--as-needed] ==> ignore
    arg [-lgcc_s] ==> lib [gcc_s]
    arg [--pop-state] ==> ignore
    arg [/usr/lib/gcc/x86_64-linux-gnu/11/crtendS.o] ==> ignore
    arg [/usr/lib/gcc/x86_64-linux-gnu/11/../../../x86_64-linux-gnu/crtn.o] ==> ignore
  collapse library dir [/usr/lib/gcc/x86_64-linux-gnu/11] ==> [/usr/lib/gcc/x86_64-linux-gnu/11]
  collapse library dir [/usr/lib/gcc/x86_64-linux-gnu/11/../../../x86_64-linux-gnu] ==> [/usr/lib/x86_64-linux-gnu]
  collapse library dir [/usr/lib/gcc/x86_64-linux-gnu/11/../../../../lib] ==> [/usr/lib]
  collapse library dir [/lib/x86_64-linux-gnu] ==> [/lib/x86_64-linux-gnu]
  collapse library dir [/lib/../lib] ==> [/lib]
  collapse library dir [/usr/lib/x86_64-linux-gnu] ==> [/usr/lib/x86_64-linux-gnu]
  collapse library dir [/usr/lib/../lib] ==> [/usr/lib]
  collapse library dir [/usr/lib/gcc/x86_64-linux-gnu/11/../../..] ==> [/usr/lib]
  implicit libs: [gcc;gcc_s;c;gcc;gcc_s]
  implicit dirs: [/usr/lib/gcc/x86_64-linux-gnu/11;/usr/lib/x86_64-linux-gnu;/usr/lib;/lib/x86_64-linux-gnu;/lib]
  implicit fwks: []


Determining if the include file pthread.h exists passed with the following output:
Change Dir: /home/betto/src/cesium-native-ooc/buildD/CMakeFiles/CMakeTmp

Run Build Command(s):/usr/bin/make cmTC_085eb/fast && /usr/bin/make -f CMakeFiles/cmTC_085eb.dir/build.make CMakeFiles/cmTC_085eb.dir/build
make[1]: Entering directory '/home/betto/src/cesium-native-ooc/buildD/CMakeFiles/CMakeTmp'
Building C object CMakeFiles/cmTC_085eb.dir/CheckIncludeFile.c.o
/usr/bin/gcc-11    -o CMakeFiles/cmTC_085eb.dir/CheckIncludeFile.c.o   -c /home/betto/src/cesium-native-ooc/buildD/CMakeFiles/CMakeTmp/CheckIncludeFile.c
Linking C executable cmTC_085eb
/usr/bin/cmake -E cmake_link_script CMakeFiles/cmTC_085eb.dir/link.txt --verbose=1
/usr/bin/gcc-11      CMakeFiles/cmTC_085eb.dir/CheckIncludeFile.c.o  -o cmTC_085eb 
make[1]: Leaving directory '/home/betto/src/cesium-native-ooc/buildD/CMakeFiles/CMakeTmp'



Determining if the function pthread_create exists in the pthread passed with the following output:
Change Dir: /home/betto/src/cesium-native-ooc/buildD/CMakeFiles/CMakeTmp

Run Build Command(s):/usr/bin/make cmTC_47c7e/fast && /usr/bin/make -f CMakeFiles/cmTC_47c7e.dir/build.make CMakeFiles/cmTC_47c7e.dir/build
make[1]: Entering directory '/home/betto/src/cesium-native-ooc/buildD/CMakeFiles/CMakeTmp'
Building C object CMakeFiles/cmTC_47c7e.dir/CheckFunctionExists.c.o
/usr/bin/gcc-11   -DCHECK_FUNCTION_EXISTS=pthread_create   -o CMakeFiles/cmTC_47c7e.dir/CheckFunctionExists.c.o   -c /usr/share/cmake-3.16/Modules/CheckFunctionExists.c
Linking C executable cmTC_47c7e
/usr/bin/cmake -E cmake_link_script CMakeFiles/cmTC_47c7e.dir/link.txt --verbose=1
/usr/bin/gcc-11  -DCHECK_FUNCTION_EXISTS=pthread_create    CMakeFiles/cmTC_47c7e.dir/CheckFunctionExists.c.o  -o cmTC_47c7e  -lpthread 
make[1]: Leaving directory '/home/betto/src/cesium-native-ooc/buildD/CMakeFiles/CMakeTmp'



Performing C SOURCE FILE Test HAVE_BUILTIN_BSWAP16 succeeded with the following output:
Change Dir: /home/betto/src/cesium-native-ooc/buildD/CMakeFiles/CMakeTmp

Run Build Command(s):/usr/bin/make cmTC_72d56/fast && /usr/bin/make -f CMakeFiles/cmTC_72d56.dir/build.make CMakeFiles/cmTC_72d56.dir/build
make[1]: Entering directory '/home/betto/src/cesium-native-ooc/buildD/CMakeFiles/CMakeTmp'
Building C object CMakeFiles/cmTC_72d56.dir/src.c.o
/usr/bin/gcc-11   -DHAVE_BUILTIN_BSWAP16 -fPIE   -o CMakeFiles/cmTC_72d56.dir/src.c.o   -c /home/betto/src/cesium-native-ooc/buildD/CMakeFiles/CMakeTmp/src.c
Linking C executable cmTC_72d56
/usr/bin/cmake -E cmake_link_script CMakeFiles/cmTC_72d56.dir/link.txt --verbose=1
/usr/bin/gcc-11  -DHAVE_BUILTIN_BSWAP16    CMakeFiles/cmTC_72d56.dir/src.c.o  -o cmTC_72d56 
make[1]: Leaving directory '/home/betto/src/cesium-native-ooc/buildD/CMakeFiles/CMakeTmp'


Source file was:

    int main(void) {
      (void)__builtin_bswap16(0);
      return 0;
    }
  
Performing C SOURCE FILE Test HAVE_BUILTIN_BSWAP32 succeeded with the following output:
Change Dir: /home/betto/src/cesium-native-ooc/buildD/CMakeFiles/CMakeTmp

Run Build Command(s):/usr/bin/make cmTC_ae73f/fast && /usr/bin/make -f CMakeFiles/cmTC_ae73f.dir/build.make CMakeFiles/cmTC_ae73f.dir/build
make[1]: Entering directory '/home/betto/src/cesium-native-ooc/buildD/CMakeFiles/CMakeTmp'
Building C object CMakeFiles/cmTC_ae73f.dir/src.c.o
/usr/bin/gcc-11   -DHAVE_BUILTIN_BSWAP32 -fPIE   -o CMakeFiles/cmTC_ae73f.dir/src.c.o   -c /home/betto/src/cesium-native-ooc/buildD/CMakeFiles/CMakeTmp/src.c
Linking C executable cmTC_ae73f
/usr/bin/cmake -E cmake_link_script CMakeFiles/cmTC_ae73f.dir/link.txt --verbose=1
/usr/bin/gcc-11  -DHAVE_BUILTIN_BSWAP32    CMakeFiles/cmTC_ae73f.dir/src.c.o  -o cmTC_ae73f 
make[1]: Leaving directory '/home/betto/src/cesium-native-ooc/buildD/CMakeFiles/CMakeTmp'


Source file was:

    int main(void) {
      (void)__builtin_bswap32(0);
      return 0;
    }
  
Performing C SOURCE FILE Test HAVE_BUILTIN_BSWAP64 succeeded with the following output:
Change Dir: /home/betto/src/cesium-native-ooc/buildD/CMakeFiles/CMakeTmp

Run Build Command(s):/usr/bin/make cmTC_c0c83/fast && /usr/bin/make -f CMakeFiles/cmTC_c0c83.dir/build.make CMakeFiles/cmTC_c0c83.dir/build
make[1]: Entering directory '/home/betto/src/cesium-native-ooc/buildD/CMakeFiles/CMakeTmp'
Building C object CMakeFiles/cmTC_c0c83.dir/src.c.o
/usr/bin/gcc-11   -DHAVE_BUILTIN_BSWAP64 -fPIE   -o CMakeFiles/cmTC_c0c83.dir/src.c.o   -c /home/betto/src/cesium-native-ooc/buildD/CMakeFiles/CMakeTmp/src.c
Linking C executable cmTC_c0c83
/usr/bin/cmake -E cmake_link_script CMakeFiles/cmTC_c0c83.dir/link.txt --verbose=1
/usr/bin/gcc-11  -DHAVE_BUILTIN_BSWAP64    CMakeFiles/cmTC_c0c83.dir/src.c.o  -o cmTC_c0c83 
make[1]: Leaving directory '/home/betto/src/cesium-native-ooc/buildD/CMakeFiles/CMakeTmp'


Source file was:

    int main(void) {
      (void)__builtin_bswap64(0);
      return 0;
    }
  
Performing C SOURCE FILE Test FLAG_HAVE_PTHREAD_PRIO_INHERIT succeeded with the following output:
Change Dir: /home/betto/src/cesium-native-ooc/buildD/CMakeFiles/CMakeTmp

Run Build Command(s):/usr/bin/make cmTC_dd50f/fast && /usr/bin/make -f CMakeFiles/cmTC_dd50f.dir/build.make CMakeFiles/cmTC_dd50f.dir/build
make[1]: Entering directory '/home/betto/src/cesium-native-ooc/buildD/CMakeFiles/CMakeTmp'
Building C object CMakeFiles/cmTC_dd50f.dir/src.c.o
/usr/bin/gcc-11   -pthread -DFLAG_HAVE_PTHREAD_PRIO_INHERIT -fPIE   -o CMakeFiles/cmTC_dd50f.dir/src.c.o   -c /home/betto/src/cesium-native-ooc/buildD/CMakeFiles/CMakeTmp/src.c
Linking C executable cmTC_dd50f
/usr/bin/cmake -E cmake_link_script CMakeFiles/cmTC_dd50f.dir/link.txt --verbose=1
/usr/bin/gcc-11  -pthread -DFLAG_HAVE_PTHREAD_PRIO_INHERIT    CMakeFiles/cmTC_dd50f.dir/src.c.o  -o cmTC_dd50f 
make[1]: Leaving directory '/home/betto/src/cesium-native-ooc/buildD/CMakeFiles/CMakeTmp'


Source file was:

        #include <pthread.h>
        int main (void) {
          int attr = PTHREAD_PRIO_INHERIT;
          return attr;
        }
      
Determining if files stdlib.h;stdarg.h;string.h;float.h exist passed with the following output:
Change Dir: /home/betto/src/cesium-native-ooc/buildD/CMakeFiles/CMakeTmp

Run Build Command(s):/usr/bin/make cmTC_32966/fast && /usr/bin/make -f CMakeFiles/cmTC_32966.dir/build.make CMakeFiles/cmTC_32966.dir/build
make[1]: Entering directory '/home/betto/src/cesium-native-ooc/buildD/CMakeFiles/CMakeTmp'
Building C object CMakeFiles/cmTC_32966.dir/STDC_HEADERS.c.o
/usr/bin/gcc-11   -pthread  -fPIE   -o CMakeFiles/cmTC_32966.dir/STDC_HEADERS.c.o   -c /home/betto/src/cesium-native-ooc/buildD/CMakeFiles/CheckIncludeFiles/STDC_HEADERS.c
Linking C executable cmTC_32966
/usr/bin/cmake -E cmake_link_script CMakeFiles/cmTC_32966.dir/link.txt --verbose=1
/usr/bin/gcc-11  -pthread     CMakeFiles/cmTC_32966.dir/STDC_HEADERS.c.o  -o cmTC_32966 
make[1]: Leaving directory '/home/betto/src/cesium-native-ooc/buildD/CMakeFiles/CMakeTmp'



Determining if files dlfcn.h exist passed with the following output:
Change Dir: /home/betto/src/cesium-native-ooc/buildD/CMakeFiles/CMakeTmp

Run Build Command(s):/usr/bin/make cmTC_affcf/fast && /usr/bin/make -f CMakeFiles/cmTC_affcf.dir/build.make CMakeFiles/cmTC_affcf.dir/build
make[1]: Entering directory '/home/betto/src/cesium-native-ooc/buildD/CMakeFiles/CMakeTmp'
Building C object CMakeFiles/cmTC_affcf.dir/HAVE_DLFCN_H.c.o
/usr/bin/gcc-11   -pthread  -fPIE   -o CMakeFiles/cmTC_affcf.dir/HAVE_DLFCN_H.c.o   -c /home/betto/src/cesium-native-ooc/buildD/CMakeFiles/CheckIncludeFiles/HAVE_DLFCN_H.c
Linking C executable cmTC_affcf
/usr/bin/cmake -E cmake_link_script CMakeFiles/cmTC_affcf.dir/link.txt --verbose=1
/usr/bin/gcc-11  -pthread     CMakeFiles/cmTC_affcf.dir/HAVE_DLFCN_H.c.o  -o cmTC_affcf 
make[1]: Leaving directory '/home/betto/src/cesium-native-ooc/buildD/CMakeFiles/CMakeTmp'



Determining if files inttypes.h exist passed with the following output:
Change Dir: /home/betto/src/cesium-native-ooc/buildD/CMakeFiles/CMakeTmp

Run Build Command(s):/usr/bin/make cmTC_4ece7/fast && /usr/bin/make -f CMakeFiles/cmTC_4ece7.dir/build.make CMakeFiles/cmTC_4ece7.dir/build
make[1]: Entering directory '/home/betto/src/cesium-native-ooc/buildD/CMakeFiles/CMakeTmp'
Building C object CMakeFiles/cmTC_4ece7.dir/HAVE_INTTYPES_H.c.o
/usr/bin/gcc-11   -pthread  -fPIE   -o CMakeFiles/cmTC_4ece7.dir/HAVE_INTTYPES_H.c.o   -c /home/betto/src/cesium-native-ooc/buildD/CMakeFiles/CheckIncludeFiles/HAVE_INTTYPES_H.c
Linking C executable cmTC_4ece7
/usr/bin/cmake -E cmake_link_script CMakeFiles/cmTC_4ece7.dir/link.txt --verbose=1
/usr/bin/gcc-11  -pthread     CMakeFiles/cmTC_4ece7.dir/HAVE_INTTYPES_H.c.o  -o cmTC_4ece7 
make[1]: Leaving directory '/home/betto/src/cesium-native-ooc/buildD/CMakeFiles/CMakeTmp'



Determining if files memory.h exist passed with the following output:
Change Dir: /home/betto/src/cesium-native-ooc/buildD/CMakeFiles/CMakeTmp

Run Build Command(s):/usr/bin/make cmTC_c003b/fast && /usr/bin/make -f CMakeFiles/cmTC_c003b.dir/build.make CMakeFiles/cmTC_c003b.dir/build
make[1]: Entering directory '/home/betto/src/cesium-native-ooc/buildD/CMakeFiles/CMakeTmp'
Building C object CMakeFiles/cmTC_c003b.dir/HAVE_MEMORY_H.c.o
/usr/bin/gcc-11   -pthread  -fPIE   -o CMakeFiles/cmTC_c003b.dir/HAVE_MEMORY_H.c.o   -c /home/betto/src/cesium-native-ooc/buildD/CMakeFiles/CheckIncludeFiles/HAVE_MEMORY_H.c
Linking C executable cmTC_c003b
/usr/bin/cmake -E cmake_link_script CMakeFiles/cmTC_c003b.dir/link.txt --verbose=1
/usr/bin/gcc-11  -pthread     CMakeFiles/cmTC_c003b.dir/HAVE_MEMORY_H.c.o  -o cmTC_c003b 
make[1]: Leaving directory '/home/betto/src/cesium-native-ooc/buildD/CMakeFiles/CMakeTmp'



Determining if files stdint.h exist passed with the following output:
Change Dir: /home/betto/src/cesium-native-ooc/buildD/CMakeFiles/CMakeTmp

Run Build Command(s):/usr/bin/make cmTC_cd474/fast && /usr/bin/make -f CMakeFiles/cmTC_cd474.dir/build.make CMakeFiles/cmTC_cd474.dir/build
make[1]: Entering directory '/home/betto/src/cesium-native-ooc/buildD/CMakeFiles/CMakeTmp'
Building C object CMakeFiles/cmTC_cd474.dir/HAVE_STDINT_H.c.o
/usr/bin/gcc-11   -pthread  -fPIE   -o CMakeFiles/cmTC_cd474.dir/HAVE_STDINT_H.c.o   -c /home/betto/src/cesium-native-ooc/buildD/CMakeFiles/CheckIncludeFiles/HAVE_STDINT_H.c
Linking C executable cmTC_cd474
/usr/bin/cmake -E cmake_link_script CMakeFiles/cmTC_cd474.dir/link.txt --verbose=1
/usr/bin/gcc-11  -pthread     CMakeFiles/cmTC_cd474.dir/HAVE_STDINT_H.c.o  -o cmTC_cd474 
make[1]: Leaving directory '/home/betto/src/cesium-native-ooc/buildD/CMakeFiles/CMakeTmp'



Determining if files stdlib.h exist passed with the following output:
Change Dir: /home/betto/src/cesium-native-ooc/buildD/CMakeFiles/CMakeTmp

Run Build Command(s):/usr/bin/make cmTC_97ccd/fast && /usr/bin/make -f CMakeFiles/cmTC_97ccd.dir/build.make CMakeFiles/cmTC_97ccd.dir/build
make[1]: Entering directory '/home/betto/src/cesium-native-ooc/buildD/CMakeFiles/CMakeTmp'
Building C object CMakeFiles/cmTC_97ccd.dir/HAVE_STDLIB_H.c.o
/usr/bin/gcc-11   -pthread  -fPIE   -o CMakeFiles/cmTC_97ccd.dir/HAVE_STDLIB_H.c.o   -c /home/betto/src/cesium-native-ooc/buildD/CMakeFiles/CheckIncludeFiles/HAVE_STDLIB_H.c
Linking C executable cmTC_97ccd
/usr/bin/cmake -E cmake_link_script CMakeFiles/cmTC_97ccd.dir/link.txt --verbose=1
/usr/bin/gcc-11  -pthread     CMakeFiles/cmTC_97ccd.dir/HAVE_STDLIB_H.c.o  -o cmTC_97ccd 
make[1]: Leaving directory '/home/betto/src/cesium-native-ooc/buildD/CMakeFiles/CMakeTmp'



Determining if files strings.h exist passed with the following output:
Change Dir: /home/betto/src/cesium-native-ooc/buildD/CMakeFiles/CMakeTmp

Run Build Command(s):/usr/bin/make cmTC_66024/fast && /usr/bin/make -f CMakeFiles/cmTC_66024.dir/build.make CMakeFiles/cmTC_66024.dir/build
make[1]: Entering directory '/home/betto/src/cesium-native-ooc/buildD/CMakeFiles/CMakeTmp'
Building C object CMakeFiles/cmTC_66024.dir/HAVE_STRINGS_H.c.o
/usr/bin/gcc-11   -pthread  -fPIE   -o CMakeFiles/cmTC_66024.dir/HAVE_STRINGS_H.c.o   -c /home/betto/src/cesium-native-ooc/buildD/CMakeFiles/CheckIncludeFiles/HAVE_STRINGS_H.c
Linking C executable cmTC_66024
/usr/bin/cmake -E cmake_link_script CMakeFiles/cmTC_66024.dir/link.txt --verbose=1
/usr/bin/gcc-11  -pthread     CMakeFiles/cmTC_66024.dir/HAVE_STRINGS_H.c.o  -o cmTC_66024 
make[1]: Leaving directory '/home/betto/src/cesium-native-ooc/buildD/CMakeFiles/CMakeTmp'



Determining if files string.h exist passed with the following output:
Change Dir: /home/betto/src/cesium-native-ooc/buildD/CMakeFiles/CMakeTmp

Run Build Command(s):/usr/bin/make cmTC_db4de/fast && /usr/bin/make -f CMakeFiles/cmTC_db4de.dir/build.make CMakeFiles/cmTC_db4de.dir/build
make[1]: Entering directory '/home/betto/src/cesium-native-ooc/buildD/CMakeFiles/CMakeTmp'
Building C object CMakeFiles/cmTC_db4de.dir/HAVE_STRING_H.c.o
/usr/bin/gcc-11   -pthread  -fPIE   -o CMakeFiles/cmTC_db4de.dir/HAVE_STRING_H.c.o   -c /home/betto/src/cesium-native-ooc/buildD/CMakeFiles/CheckIncludeFiles/HAVE_STRING_H.c
Linking C executable cmTC_db4de
/usr/bin/cmake -E cmake_link_script CMakeFiles/cmTC_db4de.dir/link.txt --verbose=1
/usr/bin/gcc-11  -pthread     CMakeFiles/cmTC_db4de.dir/HAVE_STRING_H.c.o  -o cmTC_db4de 
make[1]: Leaving directory '/home/betto/src/cesium-native-ooc/buildD/CMakeFiles/CMakeTmp'



Determining if files sys/stat.h exist passed with the following output:
Change Dir: /home/betto/src/cesium-native-ooc/buildD/CMakeFiles/CMakeTmp

Run Build Command(s):/usr/bin/make cmTC_b6acf/fast && /usr/bin/make -f CMakeFiles/cmTC_b6acf.dir/build.make CMakeFiles/cmTC_b6acf.dir/build
make[1]: Entering directory '/home/betto/src/cesium-native-ooc/buildD/CMakeFiles/CMakeTmp'
Building C object CMakeFiles/cmTC_b6acf.dir/HAVE_SYS_STAT_H.c.o
/usr/bin/gcc-11   -pthread  -fPIE   -o CMakeFiles/cmTC_b6acf.dir/HAVE_SYS_STAT_H.c.o   -c /home/betto/src/cesium-native-ooc/buildD/CMakeFiles/CheckIncludeFiles/HAVE_SYS_STAT_H.c
Linking C executable cmTC_b6acf
/usr/bin/cmake -E cmake_link_script CMakeFiles/cmTC_b6acf.dir/link.txt --verbose=1
/usr/bin/gcc-11  -pthread     CMakeFiles/cmTC_b6acf.dir/HAVE_SYS_STAT_H.c.o  -o cmTC_b6acf 
make[1]: Leaving directory '/home/betto/src/cesium-native-ooc/buildD/CMakeFiles/CMakeTmp'



Determining if files sys/types.h exist passed with the following output:
Change Dir: /home/betto/src/cesium-native-ooc/buildD/CMakeFiles/CMakeTmp

Run Build Command(s):/usr/bin/make cmTC_6eda4/fast && /usr/bin/make -f CMakeFiles/cmTC_6eda4.dir/build.make CMakeFiles/cmTC_6eda4.dir/build
make[1]: Entering directory '/home/betto/src/cesium-native-ooc/buildD/CMakeFiles/CMakeTmp'
Building C object CMakeFiles/cmTC_6eda4.dir/HAVE_SYS_TYPES_H.c.o
/usr/bin/gcc-11   -pthread  -fPIE   -o CMakeFiles/cmTC_6eda4.dir/HAVE_SYS_TYPES_H.c.o   -c /home/betto/src/cesium-native-ooc/buildD/CMakeFiles/CheckIncludeFiles/HAVE_SYS_TYPES_H.c
Linking C executable cmTC_6eda4
/usr/bin/cmake -E cmake_link_script CMakeFiles/cmTC_6eda4.dir/link.txt --verbose=1
/usr/bin/gcc-11  -pthread     CMakeFiles/cmTC_6eda4.dir/HAVE_SYS_TYPES_H.c.o  -o cmTC_6eda4 
make[1]: Leaving directory '/home/betto/src/cesium-native-ooc/buildD/CMakeFiles/CMakeTmp'



Determining if files unistd.h exist passed with the following output:
Change Dir: /home/betto/src/cesium-native-ooc/buildD/CMakeFiles/CMakeTmp

Run Build Command(s):/usr/bin/make cmTC_6538a/fast && /usr/bin/make -f CMakeFiles/cmTC_6538a.dir/build.make CMakeFiles/cmTC_6538a.dir/build
make[1]: Entering directory '/home/betto/src/cesium-native-ooc/buildD/CMakeFiles/CMakeTmp'
Building C object CMakeFiles/cmTC_6538a.dir/HAVE_UNISTD_H.c.o
/usr/bin/gcc-11   -pthread  -fPIE   -o CMakeFiles/cmTC_6538a.dir/HAVE_UNISTD_H.c.o   -c /home/betto/src/cesium-native-ooc/buildD/CMakeFiles/CheckIncludeFiles/HAVE_UNISTD_H.c
Linking C executable cmTC_6538a
/usr/bin/cmake -E cmake_link_script CMakeFiles/cmTC_6538a.dir/link.txt --verbose=1
/usr/bin/gcc-11  -pthread     CMakeFiles/cmTC_6538a.dir/HAVE_UNISTD_H.c.o  -o cmTC_6538a 
make[1]: Leaving directory '/home/betto/src/cesium-native-ooc/buildD/CMakeFiles/CMakeTmp'



Performing C SOURCE FILE Test WEBP_HAVE_FLAG_SSE41 succeeded with the following output:
Change Dir: /home/betto/src/cesium-native-ooc/buildD/CMakeFiles/CMakeTmp

Run Build Command(s):/usr/bin/make cmTC_044b0/fast && /usr/bin/make -f CMakeFiles/cmTC_044b0.dir/build.make CMakeFiles/cmTC_044b0.dir/build
make[1]: Entering directory '/home/betto/src/cesium-native-ooc/buildD/CMakeFiles/CMakeTmp'
Building C object CMakeFiles/cmTC_044b0.dir/src.c.o
/usr/bin/gcc-11  -I/home/betto/src/cesium-native-ooc/extern/libwebp  -pthread -DWEBP_HAVE_FLAG_SSE41 -msse4.1 -fPIE   -o CMakeFiles/cmTC_044b0.dir/src.c.o   -c /home/betto/src/cesium-native-ooc/buildD/CMakeFiles/CMakeTmp/src.c
Linking C executable cmTC_044b0
/usr/bin/cmake -E cmake_link_script CMakeFiles/cmTC_044b0.dir/link.txt --verbose=1
/usr/bin/gcc-11  -pthread -DWEBP_HAVE_FLAG_SSE41 -msse4.1    CMakeFiles/cmTC_044b0.dir/src.c.o  -o cmTC_044b0 
make[1]: Leaving directory '/home/betto/src/cesium-native-ooc/buildD/CMakeFiles/CMakeTmp'


Source file was:

      #include "/home/betto/src/cesium-native-ooc/extern/libwebp/cmake/../src/dsp/dsp.h"
      int main(void) {
        #if !defined(WEBP_USE_SSE41)
        this is not valid code
        #endif
        return 0;
      }
    
Performing C SOURCE FILE Test WEBP_HAVE_FLAG_SSE2 succeeded with the following output:
Change Dir: /home/betto/src/cesium-native-ooc/buildD/CMakeFiles/CMakeTmp

Run Build Command(s):/usr/bin/make cmTC_cd03f/fast && /usr/bin/make -f CMakeFiles/cmTC_cd03f.dir/build.make CMakeFiles/cmTC_cd03f.dir/build
make[1]: Entering directory '/home/betto/src/cesium-native-ooc/buildD/CMakeFiles/CMakeTmp'
Building C object CMakeFiles/cmTC_cd03f.dir/src.c.o
/usr/bin/gcc-11  -I/home/betto/src/cesium-native-ooc/extern/libwebp  -pthread -DWEBP_HAVE_FLAG_SSE2 -fPIE   -o CMakeFiles/cmTC_cd03f.dir/src.c.o   -c /home/betto/src/cesium-native-ooc/buildD/CMakeFiles/CMakeTmp/src.c
Linking C executable cmTC_cd03f
/usr/bin/cmake -E cmake_link_script CMakeFiles/cmTC_cd03f.dir/link.txt --verbose=1
/usr/bin/gcc-11  -pthread -DWEBP_HAVE_FLAG_SSE2    CMakeFiles/cmTC_cd03f.dir/src.c.o  -o cmTC_cd03f 
make[1]: Leaving directory '/home/betto/src/cesium-native-ooc/buildD/CMakeFiles/CMakeTmp'


Source file was:

      #include "/home/betto/src/cesium-native-ooc/extern/libwebp/cmake/../src/dsp/dsp.h"
      int main(void) {
        #if !defined(WEBP_USE_SSE2)
        this is not valid code
        #endif
        return 0;
      }
    
Performing C SOURCE FILE Test URIPARSER_COMPILER_SUPPORTS_VISIBILITY succeeded with the following output:
Change Dir: /home/betto/src/cesium-native-ooc/buildD/CMakeFiles/CMakeTmp

Run Build Command(s):/usr/bin/make cmTC_1e4a7/fast && /usr/bin/make -f CMakeFiles/cmTC_1e4a7.dir/build.make CMakeFiles/cmTC_1e4a7.dir/build
make[1]: Entering directory '/home/betto/src/cesium-native-ooc/buildD/CMakeFiles/CMakeTmp'
Building C object CMakeFiles/cmTC_1e4a7.dir/src.c.o
/usr/bin/gcc-11   -DURIPARSER_COMPILER_SUPPORTS_VISIBILITY   -fvisibility=hidden -o CMakeFiles/cmTC_1e4a7.dir/src.c.o   -c /home/betto/src/cesium-native-ooc/buildD/CMakeFiles/CMakeTmp/src.c
Linking C executable cmTC_1e4a7
/usr/bin/cmake -E cmake_link_script CMakeFiles/cmTC_1e4a7.dir/link.txt --verbose=1
/usr/bin/gcc-11  -DURIPARSER_COMPILER_SUPPORTS_VISIBILITY    CMakeFiles/cmTC_1e4a7.dir/src.c.o  -o cmTC_1e4a7 
make[1]: Leaving directory '/home/betto/src/cesium-native-ooc/buildD/CMakeFiles/CMakeTmp'


Source file was:
int main(void) { return 0; }
Determining if the wprintf exist passed with the following output:
Change Dir: /home/betto/src/cesium-native-ooc/buildD/CMakeFiles/CMakeTmp

Run Build Command(s):/usr/bin/make cmTC_b65fe/fast && /usr/bin/make -f CMakeFiles/cmTC_b65fe.dir/build.make CMakeFiles/cmTC_b65fe.dir/build
make[1]: Entering directory '/home/betto/src/cesium-native-ooc/buildD/CMakeFiles/CMakeTmp'
Building C object CMakeFiles/cmTC_b65fe.dir/CheckSymbolExists.c.o
/usr/bin/gcc-11    -o CMakeFiles/cmTC_b65fe.dir/CheckSymbolExists.c.o   -c /home/betto/src/cesium-native-ooc/buildD/CMakeFiles/CMakeTmp/CheckSymbolExists.c
Linking C executable cmTC_b65fe
/usr/bin/cmake -E cmake_link_script CMakeFiles/cmTC_b65fe.dir/link.txt --verbose=1
/usr/bin/gcc-11      -rdynamic CMakeFiles/cmTC_b65fe.dir/CheckSymbolExists.c.o  -o cmTC_b65fe 
make[1]: Leaving directory '/home/betto/src/cesium-native-ooc/buildD/CMakeFiles/CMakeTmp'


File /home/betto/src/cesium-native-ooc/buildD/CMakeFiles/CMakeTmp/CheckSymbolExists.c:
/* */
#include <wchar.h>

int main(int argc, char** argv)
{
  (void)argv;
#ifndef wprintf
  return ((int*)(&wprintf))[argc];
#else
  (void)argc;
  return 0;
#endif
}
Determining if the function reallocarray exists passed with the following output:
Change Dir: /home/betto/src/cesium-native-ooc/buildD/CMakeFiles/CMakeTmp

Run Build Command(s):/usr/bin/make cmTC_06df8/fast && /usr/bin/make -f CMakeFiles/cmTC_06df8.dir/build.make CMakeFiles/cmTC_06df8.dir/build
make[1]: Entering directory '/home/betto/src/cesium-native-ooc/buildD/CMakeFiles/CMakeTmp'
Building C object CMakeFiles/cmTC_06df8.dir/CheckFunctionExists.c.o
/usr/bin/gcc-11   -DCHECK_FUNCTION_EXISTS=reallocarray   -o CMakeFiles/cmTC_06df8.dir/CheckFunctionExists.c.o   -c /usr/share/cmake-3.16/Modules/CheckFunctionExists.c
Linking C executable cmTC_06df8
/usr/bin/cmake -E cmake_link_script CMakeFiles/cmTC_06df8.dir/link.txt --verbose=1
/usr/bin/gcc-11  -DCHECK_FUNCTION_EXISTS=reallocarray    -rdynamic CMakeFiles/cmTC_06df8.dir/CheckFunctionExists.c.o  -o cmTC_06df8 
make[1]: Leaving directory '/home/betto/src/cesium-native-ooc/buildD/CMakeFiles/CMakeTmp'



